0 info it worked if it ends with ok
1 verbose cli [ '/usr/local/Cellar/nvm/0.29.0/versions/node/v4.2.4/bin/node',
1 verbose cli   '/usr/local/opt/nvm/versions/node/v4.2.4/bin/npm',
1 verbose cli   'link' ]
2 info using npm@3.5.3
3 info using node@v4.2.4
4 verbose config Skipping project config: /Users/nelson.shin/.npmrc. (matches userconfig)
5 verbose linkPkg /Users/nelson.shin
6 verbose stack Error: ENOENT: no such file or directory, open '/Users/nelson.shin/package.json'
6 verbose stack     at Error (native)
7 verbose cwd /Users/nelson.shin/Sites/yeoman-generators
8 error Darwin 14.4.0
9 error argv "/usr/local/Cellar/nvm/0.29.0/versions/node/v4.2.4/bin/node" "/usr/local/opt/nvm/versions/node/v4.2.4/bin/npm" "link"
10 error node v4.2.4
11 error npm  v3.5.3
12 error path /Users/nelson.shin/package.json
13 error code ENOENT
14 error errno -2
15 error syscall open
16 error enoent ENOENT: no such file or directory, open '/Users/nelson.shin/package.json'
17 error enoent ENOENT: no such file or directory, open '/Users/nelson.shin/package.json'
17 error enoent This is most likely not a problem with npm itself
17 error enoent and is related to npm not being able to find a file.
18 verbose exit [ -2, true ]
